<?xml version="1.0" encoding="UTF-8"?>
<!-- Generated by org.testng.reporters.JUnitXMLReporter -->
<testsuite ignored="2" hostname="DESKTOP-GUV1GTM" failures="0" tests="0" time="0.007" errors="0" timestamp="15 Dec 2020 06:00:25 GMT">
  <testcase classname="com.amazon.AmazonTest1" name="AmazonLoginTest" time="0.0">
    <ignored/>
  </testcase> <!-- AmazonLoginTest -->
  <testcase classname="com.amazon.AmazonTest1" name="VerifyAmazonLoginPageTitle" time="0.0">
    <ignored/>
  </testcase> <!-- VerifyAmazonLoginPageTitle -->
</testsuite>
