<?xml version="1.0" encoding="UTF-8"?>
<!-- Generated by org.testng.reporters.JUnitXMLReporter -->
<testsuite ignored="2" hostname="DESKTOP-GUV1GTM" failures="0" tests="1" name="OperaTest1" time="12.393" errors="0" timestamp="16 Dec 2020 09:43:13 GMT">
  <testcase classname="com.amazon.AmazonTest1" name="VerifyAmazonLoginPageTitle" time="0.422"/>
  <testcase classname="com.amazon.AmazonTest1" name="ProductAddtoCart" time="0.0">
    <ignored/>
  </testcase> <!-- ProductAddtoCart -->
  <testcase classname="com.amazon.AmazonTest1" name="AmazonLoginTest" time="0.0">
    <ignored/>
  </testcase> <!-- AmazonLoginTest -->
</testsuite> <!-- OperaTest1 -->
