<?xml version="1.0" encoding="UTF-8"?>
<testng-results ignored="2" total="4" passed="2" failed="0" skipped="0">
  <reporter-output>
  </reporter-output>
  <suite started-at="2020-12-15T06:00:25Z" name="Suite" finished-at="2020-12-15T06:00:54Z" duration-ms="28837">
    <groups>
    </groups>
    <test started-at="2020-12-15T06:00:25Z" name="EdgeTest2" finished-at="2020-12-15T06:00:25Z" duration-ms="7">
    </test> <!-- EdgeTest2 -->
    <test started-at="2020-12-15T06:00:25Z" name="ChromeTest1" finished-at="2020-12-15T06:00:54Z" duration-ms="28837">
      <class name="com.amazon.AmazonTest1">
        <test-method is-config="true" signature="setBrowser(java.lang.String)[pri:0, instance:com.amazon.AmazonTest1@2e8c1c9b]" started-at="2020-12-15T06:00:25Z" name="setBrowser" finished-at="2020-12-15T06:00:32Z" duration-ms="7225" status="PASS">
          <params>
            <param index="0">
              <value>
                <![CDATA[Chrome]]>
              </value>
            </param>
          </params>
          <reporter-output>
          </reporter-output>
        </test-method> <!-- setBrowser -->
        <test-method signature="VerifyAmazonLoginPageTitle()[pri:1, instance:com.amazon.AmazonTest1@2e8c1c9b]" started-at="2020-12-15T06:00:32Z" name="VerifyAmazonLoginPageTitle" finished-at="2020-12-15T06:00:32Z" duration-ms="75" status="PASS">
          <reporter-output>
          </reporter-output>
        </test-method> <!-- VerifyAmazonLoginPageTitle -->
        <test-method is-config="true" signature="tearDown()[pri:0, instance:com.amazon.AmazonTest1@2e8c1c9b]" started-at="2020-12-15T06:00:32Z" name="tearDown" finished-at="2020-12-15T06:00:38Z" duration-ms="5685" status="PASS">
          <reporter-output>
          </reporter-output>
        </test-method> <!-- tearDown -->
        <test-method is-config="true" signature="setBrowser(java.lang.String)[pri:0, instance:com.amazon.AmazonTest1@2e8c1c9b]" started-at="2020-12-15T06:00:38Z" name="setBrowser" finished-at="2020-12-15T06:00:44Z" duration-ms="6478" status="PASS">
          <params>
            <param index="0">
              <value>
                <![CDATA[Chrome]]>
              </value>
            </param>
          </params>
          <reporter-output>
          </reporter-output>
        </test-method> <!-- setBrowser -->
        <test-method signature="AmazonLoginTest(java.lang.String, java.lang.String)[pri:2, instance:com.amazon.AmazonTest1@2e8c1c9b]" started-at="2020-12-15T06:00:44Z" name="AmazonLoginTest" finished-at="2020-12-15T06:00:48Z" duration-ms="3423" status="PASS">
          <params>
            <param index="0">
              <value>
                <![CDATA[9003130341]]>
              </value>
            </param>
            <param index="1">
              <value>
                <![CDATA[U3JlRS5BdWcyMA==]]>
              </value>
            </param>
          </params>
          <reporter-output>
          </reporter-output>
        </test-method> <!-- AmazonLoginTest -->
        <test-method is-config="true" signature="tearDown()[pri:0, instance:com.amazon.AmazonTest1@2e8c1c9b]" started-at="2020-12-15T06:00:48Z" name="tearDown" finished-at="2020-12-15T06:00:54Z" duration-ms="5919" status="PASS">
          <reporter-output>
          </reporter-output>
        </test-method> <!-- tearDown -->
      </class> <!-- com.amazon.AmazonTest1 -->
    </test> <!-- ChromeTest1 -->
  </suite> <!-- Suite -->
</testng-results>
